# JRE version: Java(TM) SE Runtime Environment (8.0_144-b01) (build 1.8.0_144-b01)
# Java VM: Java HotSpot(TM) 64-Bit Server VM (25.144-b01 mixed mode linux-amd64 compressed oops)
Heap:
 PSYoungGen      total 99328K, used 77523K [0x00000000d7100000, 0x00000000de900000, 0x0000000100000000)
  eden space 80896K, 73% used [0x00000000d7100000,0x00000000dab28848,0x00000000dc000000)
  from space 18432K, 97% used [0x00000000dc280000,0x00000000dd40c698,0x00000000dd480000)
  to   space 20992K, 0% used [0x00000000dd480000,0x00000000dd480000,0x00000000de900000)
 ParOldGen       total 80384K, used 28551K [0x0000000085200000, 0x000000008a080000, 0x00000000d7100000)
  object space 80384K, 35% used [0x0000000085200000,0x0000000086de1f58,0x000000008a080000)
 Metaspace       used 34359K, capacity 35162K, committed 35416K, reserved 1081344K
  class space    used 4180K, capacity 4331K, committed 4352K, reserved 1048576K
GC Heap History (10 events):
Event: 1.472 GC heap before
{Heap before GC invocations=4 (full 0):
 PSYoungGen      total 36864K, used 24669K [0x00000000d7100000, 0x00000000db900000, 0x0000000100000000)
  eden space 31744K, 61% used [0x00000000d7100000,0x00000000d841f068,0x00000000d9000000)
  from space 5120K, 99% used [0x00000000d9000000,0x00000000d94f83c8,0x00000000d9500000)
  to   space 5120K, 0% used [0x00000000db400000,0x00000000db400000,0x00000000db900000)
 ParOldGen       total 84992K, used 16780K [0x0000000085200000, 0x000000008a500000, 0x00000000d7100000)
  object space 84992K, 19% used [0x0000000085200000,0x0000000086263078,0x000000008a500000)
 Metaspace       used 20509K, capacity 21116K, committed 21248K, reserved 1069056K
  class space    used 2411K, capacity 2542K, committed 2560K, reserved 1048576K
Event: 1.476 GC heap after
Heap after GC invocations=4 (full 0):
 PSYoungGen      total 68608K, used 5112K [0x00000000d7100000, 0x00000000db900000, 0x0000000100000000)
  eden space 63488K, 0% used [0x00000000d7100000,0x00000000d7100000,0x00000000daf00000)
  from space 5120K, 99% used [0x00000000db400000,0x00000000db8fe1f0,0x00000000db900000)
  to   space 5120K, 0% used [0x00000000daf00000,0x00000000daf00000,0x00000000db400000)
 ParOldGen       total 84992K, used 18685K [0x0000000085200000, 0x000000008a500000, 0x00000000d7100000)
  object space 84992K, 21% used [0x0000000085200000,0x000000008643f628,0x000000008a500000)
 Metaspace       used 20509K, capacity 21116K, committed 21248K, reserved 1069056K
  class space    used 2411K, capacity 2542K, committed 2560K, reserved 1048576K
}
Event: 1.476 GC heap before
{Heap before GC invocations=5 (full 1):
 PSYoungGen      total 68608K, used 5112K [0x00000000d7100000, 0x00000000db900000, 0x0000000100000000)
  eden space 63488K, 0% used [0x00000000d7100000,0x00000000d7100000,0x00000000daf00000)
  from space 5120K, 99% used [0x00000000db400000,0x00000000db8fe1f0,0x00000000db900000)
  to   space 5120K, 0% used [0x00000000daf00000,0x00000000daf00000,0x00000000db400000)
 ParOldGen       total 84992K, used 18685K [0x0000000085200000, 0x000000008a500000, 0x00000000d7100000)
  object space 84992K, 21% used [0x0000000085200000,0x000000008643f628,0x000000008a500000)
 Metaspace       used 20509K, capacity 21116K, committed 21248K, reserved 1069056K
  class space    used 2411K, capacity 2542K, committed 2560K, reserved 1048576K
Event: 1.510 GC heap after
Heap after GC invocations=5 (full 1):
 PSYoungGen      total 68608K, used 0K [0x00000000d7100000, 0x00000000db900000, 0x0000000100000000)
  eden space 63488K, 0% used [0x00000000d7100000,0x00000000d7100000,0x00000000daf00000)
  from space 5120K, 0% used [0x00000000db400000,0x00000000db400000,0x00000000db900000)
  to   space 5120K, 0% used [0x00000000daf00000,0x00000000daf00000,0x00000000db400000)
 ParOldGen       total 80384K, used 18778K [0x0000000085200000, 0x000000008a080000, 0x00000000d7100000)
  object space 80384K, 23% used [0x0000000085200000,0x0000000086456ab0,0x000000008a080000)
 Metaspace       used 20509K, capacity 21116K, committed 21248K, reserved 1069056K
  class space    used 2411K, capacity 2542K, committed 2560K, reserved 1048576K
}
Event: 14.415 GC heap before
{Heap before GC invocations=6 (full 1):
 PSYoungGen      total 68608K, used 63488K [0x00000000d7100000, 0x00000000db900000, 0x0000000100000000)
  eden space 63488K, 100% used [0x00000000d7100000,0x00000000daf00000,0x00000000daf00000)
  from space 5120K, 0% used [0x00000000db400000,0x00000000db400000,0x00000000db900000)
  to   space 5120K, 0% used [0x00000000daf00000,0x00000000daf00000,0x00000000db400000)
 ParOldGen       total 80384K, used 18778K [0x0000000085200000, 0x000000008a080000, 0x00000000d7100000)
  object space 80384K, 23% used [0x0000000085200000,0x0000000086456ab0,0x000000008a080000)
 Metaspace       used 31017K, capacity 31686K, committed 32000K, reserved 1077248K
  class space    used 3905K, capacity 4046K, committed 4096K, reserved 1048576K
Event: 14.425 GC heap after
Heap after GC invocations=6 (full 1):
 PSYoungGen      total 68608K, used 5118K [0x00000000d7100000, 0x00000000deb80000, 0x0000000100000000)
  eden space 63488K, 0% used [0x00000000d7100000,0x00000000d7100000,0x00000000daf00000)
  from space 5120K, 99% used [0x00000000daf00000,0x00000000db3ff830,0x00000000db400000)
  to   space 18944K, 0% used [0x00000000dd900000,0x00000000dd900000,0x00000000deb80000)
 ParOldGen       total 80384K, used 28535K [0x0000000085200000, 0x000000008a080000, 0x00000000d7100000)
  object space 80384K, 35% used [0x0000000085200000,0x0000000086dddf58,0x000000008a080000)
 Metaspace       used 31017K, capacity 31686K, committed 32000K, reserved 1077248K
  class space    used 3905K, capacity 4046K, committed 4096K, reserved 1048576K
}
Event: 245.803 GC heap before
{Heap before GC invocations=7 (full 1):
 PSYoungGen      total 68608K, used 68606K [0x00000000d7100000, 0x00000000deb80000, 0x0000000100000000)
  eden space 63488K, 100% used [0x00000000d7100000,0x00000000daf00000,0x00000000daf00000)
  from space 5120K, 99% used [0x00000000daf00000,0x00000000db3ff830,0x00000000db400000)
  to   space 18944K, 0% used [0x00000000dd900000,0x00000000dd900000,0x00000000deb80000)
 ParOldGen       total 80384K, used 28535K [0x0000000085200000, 0x000000008a080000, 0x00000000d7100000)
  object space 80384K, 35% used [0x0000000085200000,0x0000000086dddf58,0x000000008a080000)
 Metaspace       used 32795K, capacity 33522K, committed 33920K, reserved 1079296K
  class space    used 4066K, capacity 4222K, committed 4224K, reserved 1048576K
Event: 245.812 GC heap after
Heap after GC invocations=7 (full 1):
 PSYoungGen      total 97280K, used 11936K [0x00000000d7100000, 0x00000000de680000, 0x0000000100000000)
  eden space 83456K, 0% used [0x00000000d7100000,0x00000000d7100000,0x00000000dc280000)
  from space 13824K, 86% used [0x00000000dd900000,0x00000000de4a8168,0x00000000de680000)
  to   space 18432K, 0% used [0x00000000dc280000,0x00000000dc280000,0x00000000dd480000)
 ParOldGen       total 80384K, used 28543K [0x0000000085200000, 0x000000008a080000, 0x00000000d7100000)
  object space 80384K, 35% used [0x0000000085200000,0x0000000086ddff58,0x000000008a080000)
 Metaspace       used 32795K, capacity 33522K, committed 33920K, reserved 1079296K
  class space    used 4066K, capacity 4222K, committed 4224K, reserved 1048576K
}
Event: 1747.051 GC heap before
{Heap before GC invocations=8 (full 1):
 PSYoungGen      total 97280K, used 95392K [0x00000000d7100000, 0x00000000de680000, 0x0000000100000000)
  eden space 83456K, 100% used [0x00000000d7100000,0x00000000dc280000,0x00000000dc280000)
  from space 13824K, 86% used [0x00000000dd900000,0x00000000de4a8168,0x00000000de680000)
  to   space 18432K, 0% used [0x00000000dc280000,0x00000000dc280000,0x00000000dd480000)
 ParOldGen       total 80384K, used 28543K [0x0000000085200000, 0x000000008a080000, 0x00000000d7100000)
  object space 80384K, 35% used [0x0000000085200000,0x0000000086ddff58,0x000000008a080000)
 Metaspace       used 33860K, capacity 34704K, committed 35072K, reserved 1079296K
  class space    used 4149K, capacity 4330K, committed 4352K, reserved 1048576K
Event: 1747.063 GC heap after
Heap after GC invocations=8 (full 1):
 PSYoungGen      total 99328K, used 17969K [0x00000000d7100000, 0x00000000de900000, 0x0000000100000000)
  eden space 80896K, 0% used [0x00000000d7100000,0x00000000d7100000,0x00000000dc000000)
  from space 18432K, 97% used [0x00000000dc280000,0x00000000dd40c698,0x00000000dd480000)
  to   space 20992K, 0% used [0x00000000dd480000,0x00000000dd480000,0x00000000de900000)
 ParOldGen       total 80384K, used 28551K [0x0000000085200000, 0x000000008a080000, 0x00000000d7100000)
  object space 80384K, 35% used [0x0000000085200000,0x0000000086de1f58,0x000000008a080000)
 Metaspace       used 33860K, capacity 34704K, committed 35072K, reserved 1079296K
  class space    used 4149K, capacity 4330K, committed 4352K, reserved 1048576K
}

